2021-04-21 21:52:16.693  INFO [PID: 19901] - [    Test worker] c.o.cloudapp.CloudappApplicationTests    : Starting CloudappApplicationTests using Java 11.0.11 on Gerardos-MacBook-Pro.local with PID 19901 (started by gerry in /Users/gerry/Downloads/cloudapp)
2021-04-21 21:52:16.693 DEBUG [PID: 19901] - [    Test worker] c.o.cloudapp.CloudappApplicationTests    : Running with Spring Boot v2.4.5, Spring v5.3.6
2021-04-21 21:52:16.696  INFO [PID: 19901] - [    Test worker] c.o.cloudapp.CloudappApplicationTests    : No active profile set, falling back to default profiles: default
2021-04-21 21:52:17.682  INFO [PID: 19901] - [    Test worker] o.s.s.concurrent.ThreadPoolTaskExecutor  : Initializing ExecutorService 'applicationTaskExecutor'
2021-04-21 21:52:17.768  INFO [PID: 19901] - [    Test worker] o.s.b.a.w.s.WelcomePageHandlerMapping    : Adding welcome page template: index
2021-04-21 21:52:18.313  INFO [PID: 19901] - [    Test worker] c.o.cloudapp.CloudappApplicationTests    : Started CloudappApplicationTests in 2.08 seconds (JVM running for 3.335)
2021-04-21 21:52:18.746  INFO [PID: 19901] - [extShutdownHook] o.s.s.concurrent.ThreadPoolTaskExecutor  : Shutting down ExecutorService 'applicationTaskExecutor'
[2m2021-04-21 21:52:22.258[0;39m [32m INFO[0;39m [PID: [35m19919[0;39m] [2m-[0;39m [2m[           main][0;39m [36mcom.odafa.cloudapp.CloudappApplication  [0;39m [2m:[0;39m Starting CloudappApplication using Java 11.0.11 on Gerardos-MacBook-Pro.local with PID 19919 (/Users/gerry/Downloads/cloudapp/build/libs/cloudapp-0.0.1-SNAPSHOT.jar started by gerry in /Users/gerry/Downloads/cloudapp)
[2m2021-04-21 21:52:22.260[0;39m [32mDEBUG[0;39m [PID: [35m19919[0;39m] [2m-[0;39m [2m[           main][0;39m [36mcom.odafa.cloudapp.CloudappApplication  [0;39m [2m:[0;39m Running with Spring Boot v2.4.5, Spring v5.3.6
[2m2021-04-21 21:52:22.260[0;39m [32m INFO[0;39m [PID: [35m19919[0;39m] [2m-[0;39m [2m[           main][0;39m [36mcom.odafa.cloudapp.CloudappApplication  [0;39m [2m:[0;39m No active profile set, falling back to default profiles: default
[2m2021-04-21 21:52:23.366[0;39m [32m INFO[0;39m [PID: [35m19919[0;39m] [2m-[0;39m [2m[           main][0;39m [36mo.s.b.w.embedded.tomcat.TomcatWebServer [0;39m [2m:[0;39m Tomcat initialized with port(s): 80 (http)
[2m2021-04-21 21:52:23.380[0;39m [32m INFO[0;39m [PID: [35m19919[0;39m] [2m-[0;39m [2m[           main][0;39m [36mo.apache.catalina.core.StandardService  [0;39m [2m:[0;39m Starting service [Tomcat]
[2m2021-04-21 21:52:23.380[0;39m [32m INFO[0;39m [PID: [35m19919[0;39m] [2m-[0;39m [2m[           main][0;39m [36morg.apache.catalina.core.StandardEngine [0;39m [2m:[0;39m Starting Servlet engine: [Apache Tomcat/9.0.45]
[2m2021-04-21 21:52:23.451[0;39m [32m INFO[0;39m [PID: [35m19919[0;39m] [2m-[0;39m [2m[           main][0;39m [36mo.a.c.c.C.[Tomcat].[localhost].[/]      [0;39m [2m:[0;39m Initializing Spring embedded WebApplicationContext
[2m2021-04-21 21:52:23.451[0;39m [32m INFO[0;39m [PID: [35m19919[0;39m] [2m-[0;39m [2m[           main][0;39m [36mw.s.c.ServletWebServerApplicationContext[0;39m [2m:[0;39m Root WebApplicationContext: initialization completed in 1131 ms
[2m2021-04-21 21:52:23.688[0;39m [32m INFO[0;39m [PID: [35m19919[0;39m] [2m-[0;39m [2m[           main][0;39m [36mo.s.s.concurrent.ThreadPoolTaskExecutor [0;39m [2m:[0;39m Initializing ExecutorService 'applicationTaskExecutor'
[2m2021-04-21 21:52:23.833[0;39m [32m INFO[0;39m [PID: [35m19919[0;39m] [2m-[0;39m [2m[           main][0;39m [36mo.s.b.a.w.s.WelcomePageHandlerMapping   [0;39m [2m:[0;39m Adding welcome page template: index
[2m2021-04-21 21:52:24.215[0;39m [32m INFO[0;39m [PID: [35m19919[0;39m] [2m-[0;39m [2m[           main][0;39m [36mo.s.b.w.embedded.tomcat.TomcatWebServer [0;39m [2m:[0;39m Tomcat started on port(s): 80 (http) with context path ''
[2m2021-04-21 21:52:24.227[0;39m [32m INFO[0;39m [PID: [35m19919[0;39m] [2m-[0;39m [2m[           main][0;39m [36mcom.odafa.cloudapp.CloudappApplication  [0;39m [2m:[0;39m Started CloudappApplication in 2.756 seconds (JVM running for 3.311)
[2m2021-04-21 21:52:28.511[0;39m [32m INFO[0;39m [PID: [35m19919[0;39m] [2m-[0;39m [2m[p-nio-80-exec-1][0;39m [36mo.a.c.c.C.[Tomcat].[localhost].[/]      [0;39m [2m:[0;39m Initializing Spring DispatcherServlet 'dispatcherServlet'
[2m2021-04-21 21:52:28.511[0;39m [32m INFO[0;39m [PID: [35m19919[0;39m] [2m-[0;39m [2m[p-nio-80-exec-1][0;39m [36mo.s.web.servlet.DispatcherServlet       [0;39m [2m:[0;39m Initializing Servlet 'dispatcherServlet'
[2m2021-04-21 21:52:28.512[0;39m [32m INFO[0;39m [PID: [35m19919[0;39m] [2m-[0;39m [2m[p-nio-80-exec-1][0;39m [36mo.s.web.servlet.DispatcherServlet       [0;39m [2m:[0;39m Completed initialization in 1 ms
[2m2021-04-21 21:52:28.541[0;39m [32mDEBUG[0;39m [PID: [35m19919[0;39m] [2m-[0;39m [2m[p-nio-80-exec-1][0;39m [36mc.o.cloudapp.controller.BaseController  [0;39m [2m:[0;39m Index Page Opened
[2m2021-04-21 21:52:50.234[0;39m [32mDEBUG[0;39m [PID: [35m19919[0;39m] [2m-[0;39m [2m[p-nio-80-exec-5][0;39m [36mc.o.cloudapp.controller.BaseController  [0;39m [2m:[0;39m Index Page Opened
[2m2021-04-21 21:53:04.957[0;39m [32mDEBUG[0;39m [PID: [35m19919[0;39m] [2m-[0;39m [2m[p-nio-80-exec-9][0;39m [36mc.o.cloudapp.controller.BaseController  [0;39m [2m:[0;39m Index Page Opened
[2m2021-04-21 21:54:40.931[0;39m [32m INFO[0;39m [PID: [35m19919[0;39m] [2m-[0;39m [2m[extShutdownHook][0;39m [36mo.s.s.concurrent.ThreadPoolTaskExecutor [0;39m [2m:[0;39m Shutting down ExecutorService 'applicationTaskExecutor'
